<?xml version="1.0" encoding="UTF-8"?>
<testsuite xmlns:xsi="http://www.w3.org/2001/XMLSchema-instance" xsi:noNamespaceSchemaLocation="https://maven.apache.org/surefire/maven-surefire-plugin/xsd/surefire-test-report-3.0.xsd" version="3.0" name="com.ikeraguero.myapp.MyappApplicationTests" time="3.618" tests="1" errors="0" skipped="0" failures="0">
  <properties>
[...]
</properties>
  <testcase name="contextLoads" classname="com.ikeraguero.myapp.MyappApplicationTests" time="0.759">
    <system-out><![CDATA[20:10:51.969 [main] INFO org.springframework.test.context.support.AnnotationConfigContextLoaderUtils -- Could not detect default configuration classes for test class [com.ikeraguero.myapp.MyappApplicationTests]: MyappApplicationTests does not declare any static, non-private, non-final, nested classes annotated with @Configuration.
20:10:52.103 [main] INFO org.springframework.boot.test.context.SpringBootTestContextBootstrapper -- Found @SpringBootConfiguration com.ikeraguero.myapp.MyappApplication for test class com.ikeraguero.myapp.MyappApplicationTests
20:10:52.289 [main] INFO org.springframework.boot.devtools.restart.RestartApplicationListener -- Restart disabled due to context in which it is running

  .   ____          _            __ _ _
 /\\ / ___'_ __ _ _(_)_ __  __ _ \ \ \ \
( ( )\___ | '_ | '_| | '_ \/ _` | \ \ \ \
 \\/  ___)| |_)| | | | | || (_| |  ) ) ) )
  '  |____| .__|_| |_|_| |_\__, | / / / /
 =========|_|==============|___/=/_/_/_/

 :: Spring Boot ::                (v3.3.5)

2024-11-20T20:10:52.545-03:00  INFO 52290 --- [myapp] [           main] c.i.myapp.MyappApplicationTests          : Starting MyappApplicationTests using Java 21.0.4 with PID 52290 (started by ikeraguero in /home/ikeraguero/java-spring-boot/01-spring-boot-overview/01-spring-boot-demo)
2024-11-20T20:10:52.547-03:00  INFO 52290 --- [myapp] [           main] c.i.myapp.MyappApplicationTests          : No active profile set, falling back to 1 default profile: "default"
2024-11-20T20:10:54.238-03:00  WARN 52290 --- [myapp] [           main] .s.s.UserDetailsServiceAutoConfiguration : 

Using generated security password: ee2f00fa-b4f6-41d3-81da-5488af823178

This generated password is for development use only. Your security configuration must be updated before running your application in production.

2024-11-20T20:10:54.263-03:00  INFO 52290 --- [myapp] [           main] r$InitializeUserDetailsManagerConfigurer : Global AuthenticationManager configured with UserDetailsService bean with name inMemoryUserDetailsManager
2024-11-20T20:10:54.353-03:00  INFO 52290 --- [myapp] [           main] o.s.b.a.e.web.EndpointLinksResolver      : Exposing 14 endpoints beneath base path '/actuator'
2024-11-20T20:10:54.483-03:00  INFO 52290 --- [myapp] [           main] c.i.myapp.MyappApplicationTests          : Started MyappApplicationTests in 2.207 seconds (process running for 3.322)
]]></system-out>
    <system-err><![CDATA[WARNING: A Java agent has been loaded dynamically (/home/ikeraguero/.m2/repository/net/bytebuddy/byte-buddy-agent/1.14.19/byte-buddy-agent-1.14.19.jar)
WARNING: If a serviceability tool is in use, please run with -XX:+EnableDynamicAgentLoading to hide this warning
WARNING: If a serviceability tool is not in use, please run with -Djdk.instrument.traceUsage for more information
WARNING: Dynamic loading of agents will be disallowed by default in a future release
]]></system-err>
  </testcase>
</testsuite>